<?xml version="1.0" encoding="UTF-8"?>
<!-- Generated by org.testng.reporters.JUnitXMLReporter -->
<testsuite hostname="WKWIN1592988" ignored="0" name="Selenium Assignment Test Cases" tests="9" failures="2" timestamp="08 Dec 2018 08:06:41 GMT" time="75.896" errors="0">
  <testcase name="LogoTest" time="0.061" classname="com.seleniumassignment.qa.testcases.LoginPageTest"/>
  <testcase name="invalidLoginTest" time="0.727" classname="com.seleniumassignment.qa.testcases.LoginPageTest">
    <failure type="java.lang.AbstractMethodError" message="com.seleniumassignment.qa.utils.WebEventListener.beforeGetText(Lorg/openqa/selenium/WebElement;Lorg/openqa/selenium/WebDriver;)V">
      <![CDATA[java.lang.AbstractMethodError: com.seleniumassignment.qa.utils.WebEventListener.beforeGetText(Lorg/openqa/selenium/WebElement;Lorg/openqa/selenium/WebDriver;)V
at org.openqa.selenium.support.events.EventFiringWebDriver.lambda$new$0(EventFiringWebDriver.java:84)
at com.sun.proxy.$Proxy6.beforeGetText(Unknown Source)
at org.openqa.selenium.support.events.EventFiringWebDriver$EventFiringWebElement.getText(EventFiringWebDriver.java:462)
at org.openqa.selenium.support.pagefactory.internal.LocatingElementHandler.invoke(LocatingElementHandler.java:51)
at com.sun.proxy.$Proxy11.getText(Unknown Source)
at com.seleniumassignment.qa.pages.LoginPage.invalidLogin(LoginPage.java:72)
at com.seleniumassignment.qa.testcases.LoginPageTest.invalidLoginTest(LoginPageTest.java:48)
... Removed 33 stack frames]]>
    </failure>
  </testcase> <!-- invalidLoginTest -->
  <testcase name="tabsTest" time="0.002" classname="com.seleniumassignment.qa.testcases.LoginPageTest"/>
  <testcase name="verifyHomePageTitle" time="0.007" classname="com.seleniumassignment.qa.testcases.HomePageTest"/>
  <testcase name="verifyPersonaltabTest" time="1.134" classname="com.seleniumassignment.qa.testcases.HomePageTest"/>
  <testcase name="validLoginTest" time="1.185" classname="com.seleniumassignment.qa.testcases.LoginPageTest"/>
  <testcase name="verifyUserNameIsAvailable" time="0.04" classname="com.seleniumassignment.qa.testcases.HomePageTest"/>
  <testcase name="loginPageTtileTest" time="0.023" classname="com.seleniumassignment.qa.testcases.LoginPageTest"/>
  <testcase name="verifyCorrectUserName" time="0.047" classname="com.seleniumassignment.qa.testcases.HomePageTest">
    <failure type="java.lang.AbstractMethodError" message="com.seleniumassignment.qa.utils.WebEventListener.beforeGetText(Lorg/openqa/selenium/WebElement;Lorg/openqa/selenium/WebDriver;)V">
      <![CDATA[java.lang.AbstractMethodError: com.seleniumassignment.qa.utils.WebEventListener.beforeGetText(Lorg/openqa/selenium/WebElement;Lorg/openqa/selenium/WebDriver;)V
at org.openqa.selenium.support.events.EventFiringWebDriver.lambda$new$0(EventFiringWebDriver.java:84)
at com.sun.proxy.$Proxy6.beforeGetText(Unknown Source)
at org.openqa.selenium.support.events.EventFiringWebDriver$EventFiringWebElement.getText(EventFiringWebDriver.java:462)
at org.openqa.selenium.support.pagefactory.internal.LocatingElementHandler.invoke(LocatingElementHandler.java:51)
at com.sun.proxy.$Proxy11.getText(Unknown Source)
at com.seleniumassignment.qa.pages.HomePage.userLabel(HomePage.java:85)
at com.seleniumassignment.qa.testcases.HomePageTest.verifyCorrectUserName(HomePageTest.java:44)
... Removed 33 stack frames]]>
    </failure>
  </testcase> <!-- verifyCorrectUserName -->
</testsuite> <!-- Selenium Assignment Test Cases -->
